#
# There is insufficient memory for the Java Runtime Environment to continue.
# Native memory allocation (malloc) failed to allocate 32744 bytes for ChunkPool::allocate
# Possible reasons:
#   The system is out of physical RAM or swap space
#   In 32 bit mode, the process size limit was hit
# Possible solutions:
#   Reduce memory load on the system
#   Increase physical memory or swap space
#   Check if swap backing store is full
#   Use 64 bit Java on a 64 bit OS
#   Decrease Java heap size (-Xmx/-Xms)
#   Decrease number of Java threads
#   Decrease Java thread stack sizes (-Xss)
#   Set larger code cache with -XX:ReservedCodeCacheSize=
# This output file may be truncated or incomplete.
#
#  Out of Memory Error (allocation.cpp:273), pid=19464, tid=0x0000000000001104
#
# JRE version: Java(TM) SE Runtime Environment (8.0_141-b15) (build 1.8.0_141-b15)
# Java VM: Java HotSpot(TM) 64-Bit Server VM (25.141-b15 mixed mode windows-amd64 compressed oops)
# Failed to write core dump. Minidumps are not enabled by default on client versions of Windows
#

---------------  T H R E A D  ---------------

Current thread (0x000000001f1b6000):  JavaThread "C1 CompilerThread3" daemon [_thread_in_vm, id=4356, stack(0x000000001f720000,0x000000001f820000)]

Stack: [0x000000001f720000,0x000000001f820000]
[error occurred during error reporting (printing stack bounds), id 0xc0000005]

Native frames: (J=compiled Java code, j=interpreted, Vv=VM code, C=native code)


Current CompileTask:
C1:   9820 4225       1       java.text.SimpleDateFormat::subFormat (1260 bytes)


---------------  P R O C E S S  ---------------

Java Threads: ( => current thread )
  0x0000000022708800 JavaThread "Keep-Alive-Timer" daemon [_thread_blocked, id=8220, stack(0x0000000023b70000,0x0000000023c70000)]
  0x00000000226ec800 JavaThread "AsyncReporter{org.springframework.cloud.sleuth.zipkin2.sender.RestTemplateSender@96701dd}" daemon [_thread_blocked, id=11916, stack(0x0000000020fa0000,0x00000000210a0000)]
  0x000000001fd25800 JavaThread "RMI Scheduler(0)" daemon [_thread_blocked, id=17744, stack(0x00000000214a0000,0x00000000215a0000)]
  0x000000001fc96000 JavaThread "RMI TCP Connection(1)-192.168.65.1" daemon [_thread_in_native, id=20008, stack(0x00000000212a0000,0x00000000213a0000)]
  0x000000001fc11800 JavaThread "restartedMain" [_thread_blocked, id=11204, stack(0x0000000020ea0000,0x0000000020fa0000)]
  0x000000001fc0e000 JavaThread "Thread-1" [_thread_blocked, id=19176, stack(0x0000000020da0000,0x0000000020ea0000)]
  0x000000001f9ce800 JavaThread "RMI TCP Accept-0" daemon [_thread_in_native, id=22860, stack(0x00000000208f0000,0x00000000209f0000)]
  0x000000001f25f800 JavaThread "Service Thread" daemon [_thread_blocked, id=5952, stack(0x000000001f820000,0x000000001f920000)]
=>0x000000001f1b6000 JavaThread "C1 CompilerThread3" daemon [_thread_in_vm, id=4356, stack(0x000000001f720000,0x000000001f820000)]
  0x000000001f1b5000 JavaThread "C2 CompilerThread2" daemon [_thread_blocked, id=22856, stack(0x000000001f620000,0x000000001f720000)]
  0x000000001f1b2800 JavaThread "C2 CompilerThread1" daemon [_thread_blocked, id=15444, stack(0x000000001f520000,0x000000001f620000)]
  0x000000001f1b1800 JavaThread "C2 CompilerThread0" daemon [_thread_blocked, id=15076, stack(0x000000001f420000,0x000000001f520000)]
  0x000000001e278000 JavaThread "JDWP Command Reader" daemon [_thread_in_native, id=15092, stack(0x000000001eb20000,0x000000001ec20000)]
  0x000000001e276000 JavaThread "JDWP Event Helper Thread" daemon [_thread_blocked, id=23268, stack(0x000000001ea20000,0x000000001eb20000)]
  0x000000001e269000 JavaThread "JDWP Transport Listener: dt_socket" daemon [_thread_blocked, id=16264, stack(0x000000001e920000,0x000000001ea20000)]
  0x000000001e201000 JavaThread "Attach Listener" daemon [_thread_blocked, id=10752, stack(0x000000001e820000,0x000000001e920000)]
  0x000000001e25b800 JavaThread "Signal Dispatcher" daemon [_thread_blocked, id=21660, stack(0x000000001e720000,0x000000001e820000)]
  0x000000001c2d8800 JavaThread "Finalizer" daemon [_thread_blocked, id=16520, stack(0x000000001e5c0000,0x000000001e6c0000)]
  0x000000001c2d1800 JavaThread "Reference Handler" daemon [_thread_blocked, id=15920, stack(0x000000001e0c0000,0x000000001e1c0000)]
  0x0000000002fc9000 JavaThread "main" [_thread_blocked, id=19560, stack(0x0000000002e70000,0x0000000002f70000)]

Other Threads:
  0x000000001c2c9800 VMThread [stack: 0x000000001dfc0000,0x000000001e0c0000] [id=20432]
  0x000000001f9dd000 WatcherThread [stack: 0x00000000209f0000,0x0000000020af0000] [id=10832]

VM state:not at safepoint (normal execution)

VM Mutex/Monitor currently owned by a thread:  ([mutex/lock_event])
[0x0000000002fc7960] Compile_lock - owner thread: 0x000000001f1b6000
[0x0000000002fc6ae0] MethodCompileQueue_lock - owner thread: 0x000000001f1b6000

Heap:
 PSYoungGen      total 256000K, used 137737K [0x0000000770a00000, 0x0000000788900000, 0x00000007c0000000)
  eden space 244224K, 56% used [0x0000000770a00000,0x00000007790827e8,0x000000077f880000)
  from space 11776K, 0% used [0x0000000787d80000,0x0000000787d80000,0x0000000788900000)
  to   space 9728K, 0% used [0x000000077f880000,0x000000077f880000,0x0000000780200000)
 ParOldGen       total 123904K, used 19193K [0x00000006d1e00000, 0x00000006d9700000, 0x0000000770a00000)
  object space 123904K, 15% used [0x00000006d1e00000,0x00000006d30be618,0x00000006d9700000)
 Metaspace       used 38022K, capacity 40038K, committed 40320K, reserved 1087488K
  class space    used 5044K, capacity 5437K, committed 5504K, reserved 1048576K

Card table byte_map: [0x0000000012580000,0x0000000012d00000] byte_map_base: 0x000000000eef1000

Marking Bits: (ParMarkBitMap*) 0x000000005095d850
 Begin Bits: [0x0000000013a00000, 0x0000000017588000)
 End Bits:   [0x0000000017588000, 0x000000001b110000)

Polling page: 0x00000000009f0000

CodeCache: size=245760Kb used=8544Kb max_used=8544Kb free=237215Kb
 bounds [0x00000000031c0000, 0x0000000003a20000, 0x00000000121c0000]
 total_blobs=4686 nmethods=4224 adapters=382
 compilation: enabled

Compilation events (10 events):
Event: 9.806 Thread 0x000000001f1b6000 nmethod 4219 0x0000000003a15990 code [0x0000000003a15c80, 0x0000000003a16998]
Event: 9.806 Thread 0x000000001f1b6000 4221       1       sun.security.util.DerValue::isPrintableStringChar (184 bytes)
Event: 9.806 Thread 0x000000001f1b6000 nmethod 4221 0x0000000003a17510 code [0x0000000003a17660, 0x0000000003a177f0]
Event: 9.808 Thread 0x000000001f1b6000 4222       1       sun.misc.CompoundEnumeration::hasMoreElements (5 bytes)
Event: 9.808 Thread 0x000000001f1b6000 nmethod 4222 0x0000000003a17850 code [0x0000000003a179a0, 0x0000000003a17ac8]
Event: 9.808 Thread 0x000000001f1b6000 4223       1       java.net.URLClassLoader$3$1::run (5 bytes)
Event: 9.808 Thread 0x000000001f1b6000 nmethod 4223 0x0000000003a17b50 code [0x0000000003a17cc0, 0x0000000003a17e98]
Event: 9.808 Thread 0x000000001f1b6000 4224       1       java.net.URLClassLoader$3$1::run (33 bytes)
Event: 9.809 Thread 0x000000001f1b6000 nmethod 4224 0x0000000003a17fd0 code [0x0000000003a18140, 0x0000000003a18318]
Event: 9.812 Thread 0x000000001f1b6000 4225       1       java.text.SimpleDateFormat::subFormat (1260 bytes)

GC Heap History (10 events):
Event: 3.679 GC heap before
{Heap before GC invocations=6 (full 1):
 PSYoungGen      total 133120K, used 6235K [0x0000000770a00000, 0x0000000780d00000, 0x00000007c0000000)
  eden space 122880K, 0% used [0x0000000770a00000,0x0000000770a00000,0x0000000778200000)
  from space 10240K, 60% used [0x0000000778200000,0x0000000778816d08,0x0000000778c00000)
  to   space 9728K, 0% used [0x0000000780380000,0x0000000780380000,0x0000000780d00000)
 ParOldGen       total 163840K, used 48K [0x00000006d1e00000, 0x00000006dbe00000, 0x0000000770a00000)
  object space 163840K, 0% used [0x00000006d1e00000,0x00000006d1e0c000,0x00000006dbe00000)
 Metaspace       used 20537K, capacity 21238K, committed 21296K, reserved 1067008K
  class space    used 2701K, capacity 2890K, committed 2944K, reserved 1048576K
Event: 3.707 GC heap after
Heap after GC invocations=6 (full 1):
 PSYoungGen      total 133120K, used 0K [0x0000000770a00000, 0x0000000780d00000, 0x00000007c0000000)
  eden space 122880K, 0% used [0x0000000770a00000,0x0000000770a00000,0x0000000778200000)
  from space 10240K, 0% used [0x0000000778200000,0x0000000778200000,0x0000000778c00000)
  to   space 9728K, 0% used [0x0000000780380000,0x0000000780380000,0x0000000780d00000)
 ParOldGen       total 80896K, used 6071K [0x00000006d1e00000, 0x00000006d6d00000, 0x0000000770a00000)
  object space 80896K, 7% used [0x00000006d1e00000,0x00000006d23edce0,0x00000006d6d00000)
 Metaspace       used 20535K, capacity 21232K, committed 21296K, reserved 1067008K
  class space    used 2701K, capacity 2889K, committed 2944K, reserved 1048576K
}
Event: 5.526 GC heap before
{Heap before GC invocations=7 (full 1):
 PSYoungGen      total 133120K, used 122880K [0x0000000770a00000, 0x0000000780d00000, 0x00000007c0000000)
  eden space 122880K, 100% used [0x0000000770a00000,0x0000000778200000,0x0000000778200000)
  from space 10240K, 0% used [0x0000000778200000,0x0000000778200000,0x0000000778c00000)
  to   space 9728K, 0% used [0x0000000780380000,0x0000000780380000,0x0000000780d00000)
 ParOldGen       total 80896K, used 6071K [0x00000006d1e00000, 0x00000006d6d00000, 0x0000000770a00000)
  object space 80896K, 7% used [0x00000006d1e00000,0x00000006d23edce0,0x00000006d6d00000)
 Metaspace       used 23651K, capacity 24682K, committed 24960K, reserved 1071104K
  class space    used 3165K, capacity 3410K, committed 3456K, reserved 1048576K
Event: 5.533 GC heap after
Heap after GC invocations=7 (full 1):
 PSYoungGen      total 223232K, used 8089K [0x0000000770a00000, 0x0000000780b80000, 0x00000007c0000000)
  eden space 215040K, 0% used [0x0000000770a00000,0x0000000770a00000,0x000000077dc00000)
  from space 8192K, 98% used [0x0000000780380000,0x0000000780b66440,0x0000000780b80000)
  to   space 9728K, 0% used [0x000000077f880000,0x000000077f880000,0x0000000780200000)
 ParOldGen       total 80896K, used 6079K [0x00000006d1e00000, 0x00000006d6d00000, 0x0000000770a00000)
  object space 80896K, 7% used [0x00000006d1e00000,0x00000006d23efce0,0x00000006d6d00000)
 Metaspace       used 23651K, capacity 24682K, committed 24960K, reserved 1071104K
  class space    used 3165K, capacity 3410K, committed 3456K, reserved 1048576K
}
Event: 6.928 GC heap before
{Heap before GC invocations=8 (full 1):
 PSYoungGen      total 223232K, used 223129K [0x0000000770a00000, 0x0000000780b80000, 0x00000007c0000000)
  eden space 215040K, 100% used [0x0000000770a00000,0x000000077dc00000,0x000000077dc00000)
  from space 8192K, 98% used [0x0000000780380000,0x0000000780b66440,0x0000000780b80000)
  to   space 9728K, 0% used [0x000000077f880000,0x000000077f880000,0x0000000780200000)
 ParOldGen       total 80896K, used 6079K [0x00000006d1e00000, 0x00000006d6d00000, 0x0000000770a00000)
  object space 80896K, 7% used [0x00000006d1e00000,0x00000006d23efce0,0x00000006d6d00000)
 Metaspace       used 27775K, capacity 29092K, committed 29184K, reserved 1075200K
  class space    used 3766K, capacity 4072K, committed 4096K, reserved 1048576K
Event: 6.941 GC heap after
Heap after GC invocations=8 (full 1):
 PSYoungGen      total 253952K, used 9711K [0x0000000770a00000, 0x0000000788900000, 0x00000007c0000000)
  eden space 244224K, 0% used [0x0000000770a00000,0x0000000770a00000,0x000000077f880000)
  from space 9728K, 99% used [0x000000077f880000,0x00000007801fbcb0,0x0000000780200000)
  to   space 11776K, 0% used [0x0000000787d80000,0x0000000787d80000,0x0000000788900000)
 ParOldGen       total 80896K, used 8771K [0x00000006d1e00000, 0x00000006d6d00000, 0x0000000770a00000)
  object space 80896K, 10% used [0x00000006d1e00000,0x00000006d2690c38,0x00000006d6d00000)
 Metaspace       used 27775K, capacity 29092K, committed 29184K, reserved 1075200K
  class space    used 3766K, capacity 4072K, committed 4096K, reserved 1048576K
}
Event: 8.144 GC heap before
{Heap before GC invocations=9 (full 1):
 PSYoungGen      total 253952K, used 158347K [0x0000000770a00000, 0x0000000788900000, 0x00000007c0000000)
  eden space 244224K, 60% used [0x0000000770a00000,0x0000000779b270f0,0x000000077f880000)
  from space 9728K, 99% used [0x000000077f880000,0x00000007801fbcb0,0x0000000780200000)
  to   space 11776K, 0% used [0x0000000787d80000,0x0000000787d80000,0x0000000788900000)
 ParOldGen       total 80896K, used 8771K [0x00000006d1e00000, 0x00000006d6d00000, 0x0000000770a00000)
  object space 80896K, 10% used [0x00000006d1e00000,0x00000006d2690c38,0x00000006d6d00000)
 Metaspace       used 33938K, capacity 35444K, committed 35496K, reserved 1079296K
  class space    used 4517K, capacity 4860K, committed 4864K, reserved 1048576K
Event: 8.158 GC heap after
Heap after GC invocations=9 (full 1):
 PSYoungGen      total 256000K, used 11754K [0x0000000770a00000, 0x0000000788900000, 0x00000007c0000000)
  eden space 244224K, 0% used [0x0000000770a00000,0x0000000770a00000,0x000000077f880000)
  from space 11776K, 99% used [0x0000000787d80000,0x00000007888fa950,0x0000000788900000)
  to   space 9728K, 0% used [0x000000077f880000,0x000000077f880000,0x0000000780200000)
 ParOldGen       total 80896K, used 11000K [0x00000006d1e00000, 0x00000006d6d00000, 0x0000000770a00000)
  object space 80896K, 13% used [0x00000006d1e00000,0x00000006d28be068,0x00000006d6d00000)
 Metaspace       used 33938K, capacity 35444K, committed 35496K, reserved 1079296K
  class space    used 4517K, capacity 4860K, committed 4864K, reserved 1048576K
}
Event: 8.158 GC heap before
{Heap before GC invocations=10 (full 2):
 PSYoungGen      total 256000K, used 11754K [0x0000000770a00000, 0x0000000788900000, 0x00000007c0000000)
  eden space 244224K, 0% used [0x0000000770a00000,0x0000000770a00000,0x000000077f880000)
  from space 11776K, 99% used [0x0000000787d80000,0x00000007888fa950,0x0000000788900000)
  to   space 9728K, 0% used [0x000000077f880000,0x000000077f880000,0x0000000780200000)
 ParOldGen       total 80896K, used 11000K [0x00000006d1e00000, 0x00000006d6d00000, 0x0000000770a00000)
  object space 80896K, 13% used [0x00000006d1e00000,0x00000006d28be068,0x00000006d6d00000)
 Metaspace       used 33938K, capacity 35444K, committed 35496K, reserved 1079296K
  class space    used 4517K, capacity 4860K, committed 4864K, reserved 1048576K
Event: 8.210 GC heap after
Heap after GC invocations=10 (full 2):
 PSYoungGen      total 256000K, used 0K [0x0000000770a00000, 0x0000000788900000, 0x00000007c0000000)
  eden space 244224K, 0% used [0x0000000770a00000,0x0000000770a00000,0x000000077f880000)
  from space 11776K, 0% used [0x0000000787d80000,0x0000000787d80000,0x0000000788900000)
  to   space 9728K, 0% used [0x000000077f880000,0x000000077f880000,0x0000000780200000)
 ParOldGen       total 123904K, used 19193K [0x00000006d1e00000, 0x00000006d9700000, 0x0000000770a00000)
  object space 123904K, 15% used [0x00000006d1e00000,0x00000006d30be618,0x00000006d9700000)
 Metaspace       used 33938K, capacity 35444K, committed 35496K, reserved 1079296K
  class space    used 4517K, capacity 4860K, committed 4864K, reserved 1048576K
}

Deoptimization events (0 events):
No events

Internal exceptions (10 events):
Event: 9.478 Thread 0x000000001fc11800 Exception <a 'java/lang/ArrayIndexOutOfBoundsException'> (0x000000077613f440) thrown at [C:\re\workspace\8-2-build-windows-amd64-cygwin\jdk8u141\9370\hotspot\src\share\vm\runtime\sharedRuntime.cpp, line 605]
Event: 9.485 Thread 0x000000001fc11800 Exception <a 'java/lang/ArrayIndexOutOfBoundsException'> (0x000000077621d698) thrown at [C:\re\workspace\8-2-build-windows-amd64-cygwin\jdk8u141\9370\hotspot\src\share\vm\runtime\sharedRuntime.cpp, line 605]
Event: 9.524 Thread 0x000000001fc11800 Exception <a 'java/lang/ArrayIndexOutOfBoundsException'> (0x0000000776820978) thrown at [C:\re\workspace\8-2-build-windows-amd64-cygwin\jdk8u141\9370\hotspot\src\share\vm\runtime\sharedRuntime.cpp, line 605]
Event: 9.524 Thread 0x000000001fc11800 Exception <a 'java/lang/ArrayIndexOutOfBoundsException'> (0x0000000776821cc0) thrown at [C:\re\workspace\8-2-build-windows-amd64-cygwin\jdk8u141\9370\hotspot\src\share\vm\runtime\sharedRuntime.cpp, line 605]
Event: 9.524 Thread 0x000000001fc11800 Exception <a 'java/lang/ArrayIndexOutOfBoundsException'> (0x0000000776823508) thrown at [C:\re\workspace\8-2-build-windows-amd64-cygwin\jdk8u141\9370\hotspot\src\share\vm\runtime\sharedRuntime.cpp, line 605]
Event: 9.552 Thread 0x000000001fc11800 Exception <a 'java/lang/ArrayIndexOutOfBoundsException'> (0x0000000776c45d60) thrown at [C:\re\workspace\8-2-build-windows-amd64-cygwin\jdk8u141\9370\hotspot\src\share\vm\runtime\sharedRuntime.cpp, line 605]
Event: 9.554 Thread 0x000000001fc11800 Exception <a 'java/lang/ArrayIndexOutOfBoundsException'> (0x0000000776c87e18) thrown at [C:\re\workspace\8-2-build-windows-amd64-cygwin\jdk8u141\9370\hotspot\src\share\vm\runtime\sharedRuntime.cpp, line 605]
Event: 9.555 Thread 0x000000001fc11800 Exception <a 'java/lang/ArrayIndexOutOfBoundsException'> (0x0000000776cb5f38) thrown at [C:\re\workspace\8-2-build-windows-amd64-cygwin\jdk8u141\9370\hotspot\src\share\vm\runtime\sharedRuntime.cpp, line 605]
Event: 9.786 Thread 0x000000001fc96000 Exception <a 'java/lang/reflect/InvocationTargetException'> (0x000000077906e778) thrown at [C:\re\workspace\8-2-build-windows-amd64-cygwin\jdk8u141\9370\hotspot\src\share\vm\runtime\reflection.cpp, line 1092]
Event: 9.810 Thread 0x000000001fc11800 Exception <a 'java/lang/OutOfMemoryError'> (0x0000000778e094f0) thrown at [C:\re\workspace\8-2-build-windows-amd64-cygwin\jdk8u141\9370\hotspot\src\share\vm\prims\jni.cpp, line 735]

Events (10 events):
Event: 9.811 Thread 0x000000001fc11800 DEOPT PACKING pc=0x000000000338ab0c sp=0x0000000020f9dae0
Event: 9.811 Thread 0x000000001fc11800 DEOPT UNPACKING pc=0x000000000320747f sp=0x0000000020f9d900 mode 1
Event: 9.811 loading class org/springframework/beans/FatalBeanException
Event: 9.811 loading class org/springframework/beans/FatalBeanException done
Event: 9.811 Thread 0x000000001fc11800 DEOPT PACKING pc=0x00000000033d2751 sp=0x0000000020f9b370
Event: 9.811 Thread 0x000000001fc11800 DEOPT UNPACKING pc=0x000000000320747f sp=0x0000000020f9b0c0 mode 1
Event: 9.811 Thread 0x000000001fc11800 DEOPT PACKING pc=0x000000000338abc4 sp=0x0000000020f9b3f0
Event: 9.811 Thread 0x000000001fc11800 DEOPT UNPACKING pc=0x000000000320747f sp=0x0000000020f9b210 mode 1
Event: 9.811 Thread 0x000000001fc11800 DEOPT PACKING pc=0x000000000338ab0c sp=0x0000000020f9b580
Event: 9.811 Thread 0x000000001fc11800 DEOPT UNPACKING pc=0x000000000320747f sp=0x0000000020f9b3a0 mode 1


Dynamic libraries:
0x00007ff7feab0000 - 0x00007ff7feae7000 	D:\ProgramFiles\Java\jdk1.8.0_141\bin\java.exe
0x00007ffa96fe0000 - 0x00007ffa971d0000 	C:\Windows\SYSTEM32\ntdll.dll
0x00007ffa961b0000 - 0x00007ffa96262000 	C:\Windows\System32\KERNEL32.DLL
0x00007ffa94970000 - 0x00007ffa94c14000 	C:\Windows\System32\KERNELBASE.dll
0x00007ffa95090000 - 0x00007ffa95133000 	C:\Windows\System32\ADVAPI32.dll
0x00007ffa96ed0000 - 0x00007ffa96f6e000 	C:\Windows\System32\msvcrt.dll
0x00007ffa96e30000 - 0x00007ffa96ec7000 	C:\Windows\System32\sechost.dll
0x00007ffa95510000 - 0x00007ffa95630000 	C:\Windows\System32\RPCRT4.dll
0x00007ffa95370000 - 0x00007ffa95504000 	C:\Windows\System32\USER32.dll
0x00007ffa93f90000 - 0x00007ffa93fb1000 	C:\Windows\System32\win32u.dll
0x00007ffa96f70000 - 0x00007ffa96f96000 	C:\Windows\System32\GDI32.dll
0x00007ffa94ef0000 - 0x00007ffa95085000 	C:\Windows\System32\gdi32full.dll
0x00007ffa94d70000 - 0x00007ffa94e0e000 	C:\Windows\System32\msvcp_win.dll
0x00007ffa94870000 - 0x00007ffa9496a000 	C:\Windows\System32\ucrtbase.dll
0x00007ffa7dc70000 - 0x00007ffa7def4000 	C:\Windows\WinSxS\amd64_microsoft.windows.common-controls_6595b64144ccf1df_6.0.18362.900_none_e6beb9d913147d17\COMCTL32.dll
0x00007ffa96270000 - 0x00007ffa965a5000 	C:\Windows\System32\combase.dll
0x00007ffa947f0000 - 0x00007ffa94870000 	C:\Windows\System32\bcryptPrimitives.dll
0x00007ffa95a70000 - 0x00007ffa95a9e000 	C:\Windows\System32\IMM32.DLL
0x00000000509e0000 - 0x0000000050ab2000 	D:\ProgramFiles\Java\jdk1.8.0_141\jre\bin\msvcr100.dll
0x0000000050140000 - 0x00000000509dd000 	D:\ProgramFiles\Java\jdk1.8.0_141\jre\bin\server\jvm.dll
0x00007ffa95860000 - 0x00007ffa95868000 	C:\Windows\System32\PSAPI.DLL
0x00007ffa8d880000 - 0x00007ffa8d889000 	C:\Windows\SYSTEM32\WSOCK32.dll
0x00007ffa91380000 - 0x00007ffa913a4000 	C:\Windows\SYSTEM32\WINMM.dll
0x00007ffa8fff0000 - 0x00007ffa8fffa000 	C:\Windows\SYSTEM32\VERSION.dll
0x00007ffa95630000 - 0x00007ffa9569f000 	C:\Windows\System32\WS2_32.dll
0x00007ffa91170000 - 0x00007ffa9119d000 	C:\Windows\SYSTEM32\winmmbase.dll
0x00007ffa94e40000 - 0x00007ffa94e8a000 	C:\Windows\System32\cfgmgr32.dll
0x0000000050130000 - 0x000000005013f000 	D:\ProgramFiles\Java\jdk1.8.0_141\jre\bin\verify.dll
0x0000000050100000 - 0x0000000050129000 	D:\ProgramFiles\Java\jdk1.8.0_141\jre\bin\java.dll
0x0000000076e50000 - 0x0000000076e85000 	D:\ProgramFiles\Java\jdk1.8.0_141\jre\bin\jdwp.dll
0x0000000050070000 - 0x0000000050078000 	D:\ProgramFiles\Java\jdk1.8.0_141\jre\bin\npt.dll
0x0000000076e20000 - 0x0000000076e43000 	D:\ProgramFiles\Java\jdk1.8.0_141\jre\bin\instrument.dll
0x00000000500e0000 - 0x00000000500f6000 	D:\ProgramFiles\Java\jdk1.8.0_141\jre\bin\zip.dll
0x00007ffa966c0000 - 0x00007ffa96da6000 	C:\Windows\System32\SHELL32.dll
0x00007ffa96610000 - 0x00007ffa966b9000 	C:\Windows\System32\shcore.dll
0x00007ffa94070000 - 0x00007ffa947f0000 	C:\Windows\System32\windows.storage.dll
0x00007ffa93ef0000 - 0x00007ffa93f13000 	C:\Windows\System32\profapi.dll
0x00007ffa93f20000 - 0x00007ffa93f6a000 	C:\Windows\System32\powrprof.dll
0x00007ffa93ea0000 - 0x00007ffa93eb0000 	C:\Windows\System32\UMPDC.dll
0x00007ffa95870000 - 0x00007ffa958c2000 	C:\Windows\System32\shlwapi.dll
0x00007ffa93eb0000 - 0x00007ffa93ec1000 	C:\Windows\System32\kernel.appcore.dll
0x00007ffa93f70000 - 0x00007ffa93f87000 	C:\Windows\System32\cryptsp.dll
0x0000000050060000 - 0x0000000050069000 	D:\ProgramFiles\Java\jdk1.8.0_141\jre\bin\dt_socket.dll
0x00007ffa936b0000 - 0x00007ffa93717000 	C:\Windows\system32\mswsock.dll
0x0000000050030000 - 0x000000005004a000 	D:\ProgramFiles\Java\jdk1.8.0_141\jre\bin\net.dll
0x00007ffa93400000 - 0x00007ffa934cb000 	C:\Windows\SYSTEM32\DNSAPI.dll
0x00007ffa95aa0000 - 0x00007ffa95aa8000 	C:\Windows\System32\NSI.dll
0x00007ffa933c0000 - 0x00007ffa933fa000 	C:\Windows\SYSTEM32\IPHLPAPI.DLL
0x00007ffa85530000 - 0x00007ffa8553a000 	C:\Windows\System32\rasadhlp.dll
0x00007ffa88aa0000 - 0x00007ffa88b17000 	C:\Windows\System32\fwpuclnt.dll
0x00007ffa94e10000 - 0x00007ffa94e36000 	C:\Windows\System32\bcrypt.dll
0x0000000050080000 - 0x000000005008d000 	D:\ProgramFiles\Java\jdk1.8.0_141\jre\bin\management.dll
0x0000000050010000 - 0x0000000050021000 	D:\ProgramFiles\Java\jdk1.8.0_141\jre\bin\nio.dll
0x00007ffa93220000 - 0x00007ffa93253000 	C:\Windows\system32\rsaenh.dll
0x00007ffa93d90000 - 0x00007ffa93db5000 	C:\Windows\SYSTEM32\USERENV.dll
0x00007ffa93880000 - 0x00007ffa9388c000 	C:\Windows\SYSTEM32\CRYPTBASE.dll
0x00007ffa888a0000 - 0x00007ffa888b6000 	C:\Windows\SYSTEM32\dhcpcsvc6.DLL
0x00007ffa88880000 - 0x00007ffa8889c000 	C:\Windows\SYSTEM32\dhcpcsvc.DLL
0x00007ffa78860000 - 0x00007ffa78876000 	C:\Windows\system32\napinsp.dll
0x00007ffa78840000 - 0x00007ffa7885a000 	C:\Windows\system32\pnrpnsp.dll
0x00007ffa888c0000 - 0x00007ffa888ce000 	C:\Windows\System32\winrnr.dll
0x00007ffa90140000 - 0x00007ffa9015c000 	C:\Windows\system32\NLAapi.dll
0x00007ffa787e0000 - 0x00007ffa787f5000 	C:\Windows\system32\wshbth.dll

VM Arguments:
jvm_args: -agentlib:jdwp=transport=dt_socket,address=127.0.0.1:12573,suspend=y,server=n -XX:TieredStopAtLevel=1 -Xverify:none -Dspring.output.ansi.enabled=always -Dcom.sun.management.jmxremote -Dspring.jmx.enabled=true -Dspring.liveBeansView.mbeanDomain -Dspring.application.admin.enabled=true -javaagent:E:\IntelliJ_IDEA_2019.2.3\plugins\java\lib\rt\debugger-agent.jar -Dfile.encoding=UTF-8 
java_command: com.atguigu.gmall1213.cart.ServiceCartApplication
java_class_path (initial): D:\ProgramFiles\Java\jdk1.8.0_141\jre\lib\charsets.jar;D:\ProgramFiles\Java\jdk1.8.0_141\jre\lib\deploy.jar;D:\ProgramFiles\Java\jdk1.8.0_141\jre\lib\ext\access-bridge-64.jar;D:\ProgramFiles\Java\jdk1.8.0_141\jre\lib\ext\cldrdata.jar;D:\ProgramFiles\Java\jdk1.8.0_141\jre\lib\ext\dnsns.jar;D:\ProgramFiles\Java\jdk1.8.0_141\jre\lib\ext\jaccess.jar;D:\ProgramFiles\Java\jdk1.8.0_141\jre\lib\ext\jfxrt.jar;D:\ProgramFiles\Java\jdk1.8.0_141\jre\lib\ext\localedata.jar;D:\ProgramFiles\Java\jdk1.8.0_141\jre\lib\ext\nashorn.jar;D:\ProgramFiles\Java\jdk1.8.0_141\jre\lib\ext\sunec.jar;D:\ProgramFiles\Java\jdk1.8.0_141\jre\lib\ext\sunjce_provider.jar;D:\ProgramFiles\Java\jdk1.8.0_141\jre\lib\ext\sunmscapi.jar;D:\ProgramFiles\Java\jdk1.8.0_141\jre\lib\ext\sunpkcs11.jar;D:\ProgramFiles\Java\jdk1.8.0_141\jre\lib\ext\zipfs.jar;D:\ProgramFiles\Java\jdk1.8.0_141\jre\lib\javaws.jar;D:\ProgramFiles\Java\jdk1.8.0_141\jre\lib\jce.jar;D:\ProgramFiles\Java\jdk1.8.0_141\jre\lib\jfr.jar;D:\ProgramFiles\Java\jdk1.8.0_141\jre\lib\jfxswt.jar;D:\ProgramFiles\Java\jdk1.8.0_141\jre\lib\jsse.jar;D:\ProgramFiles\Java\jdk1.8.0_141\jre\lib\management-agent.jar;D:\ProgramFiles\Java\jdk1.8.0_141\jre\lib\plugin.jar;D:\ProgramFiles\Java\jdk1.8.0_141\jre\lib\resources.jar;D:\ProgramFiles\Java\jdk1.8.0_141\jre\lib\rt.jar;E:\atguigui\gmall\gmallparent1213\service\service-cart\target\classes;E:\atguigui\gmall\gmallparent1213\service-client\service-product-client\target\classes;E:\atguigui\gmall\gmallparent1213\common\common-util\target\classes;E:\Maven\repository-spring\org\apache\httpcomponents\httpclient\4.5.10\httpclient-4.5.10.jar;E:\Maven\repository-spring\org\apache\httpcomponents\httpcore\4.4.12\httpcore-4.4.12.jar;E:\Maven\repository-spring\commons-codec\commons-codec\1.13\commons-codec-1.13.jar;E:\atguigui\gmall\gmallparent1213\common\service-util\target\classes;E:\Maven\repository-spring\org\springframework\boot\spring-boot-starter-data-redis\2.2.1.RELEASE\spring-boot-star
Launcher Type: SUN_STANDARD

Environment Variables:
JAVA_HOME=D:\ProgramFiles\Java\jdk1.8.0_141
PATH=D:\ProgramFiles\Java\jdk1.8.0_141\bin;C:\Windows\system32;C:\Windows;C:\Windows\System32\Wbem;C:\Windows\System32\WindowsPowerShell\v1.0\;C:\Windows\System32\OpenSSH\;E:\Maven\apache-maven-3.5.0\bin;E:\Microsoft VS Code\bin;E:\Node\;C:\Users\严二川\AppData\Local\Microsoft\WindowsApps;E:\MySQL\MySQL_Server5.7\bin;C:\Users\严二川\AppData\Roaming\npm;C:\Users\严二川\AppData\Local\GitHubDesktop\bin
USERNAME=严二川
OS=Windows_NT
PROCESSOR_IDENTIFIER=AMD64 Family 23 Model 24 Stepping 1, AuthenticAMD



---------------  S Y S T E M  ---------------

OS: Windows 10.0 , 64 bit Build 18362 (10.0.18362.900)

CPU:total 8 (initial active 8) (8 cores per cpu, 1 threads per core) family 23 model 24 stepping 1, cmov, cx8, fxsr, mmx, sse, sse2, sse3, ssse3, sse4.1, sse4.2, popcnt, avx, avx2, aes, clmul, mmxext, 3dnowpref, lzcnt, sse4a, tsc, tscinvbit, tscinv, bmi1

Memory: 4k page, physical 15602120k(4821556k free), swap 28709188k(60k free)

vm_info: Java HotSpot(TM) 64-Bit Server VM (25.141-b15) for windows-amd64 JRE (1.8.0_141-b15), built on Jul 12 2017 04:25:12 by "java_re" with MS VC++ 10.0 (VS2010)

time: Fri Jul 03 17:22:23 2020
elapsed time: 9 seconds (0d 0h 0m 9s)

